Build started 4/14/2014 4:05:07 PM.
     1>Project "C:\Users\drewseri\Documents\Visual Studio 2010\Projects\git\cse471_project1\Synthie\Synthie.vcxproj" on node 2 (build target(s)).
     1>InitializeBuildStatus:
         Creating "Debug\Synthie.unsuccessfulbuild" because "AlwaysCreate" was specified.
       ClCompile:
         All outputs are up-to-date.
         C:\Program Files (x86)\Microsoft Visual Studio 10.0\VC\bin\CL.exe /c /I. /ZI /nologo /W3 /WX- /Od /Oy- /D WIN32 /D _WINDOWS /D _DEBUG /D _UNICODE /D UNICODE /D _AFXDLL /Gm /EHsc /RTC1 /MDd /GS /fp:precise /Zc:wchar_t /Zc:forScope /Yu"StdAfx.h" /Fp"Debug\Synthie.pch" /Fo"Debug\\" /Fd"Debug\vc100.pdb" /Gd /TP /analyze- /errorReport:prompt Synthesizer.cpp
         Synthesizer.cpp
     1>c:\users\drewseri\documents\visual studio 2010\projects\git\cse471_project1\synthie\synthesizer.cpp(42): warning C4715: 'CSynthesizer::GetOrgan' : not all control paths return a value
       ResourceCompile:
         All outputs are up-to-date.
       ManifestResourceCompile:
         All outputs are up-to-date.
       Link:
         C:\Program Files (x86)\Microsoft Visual Studio 10.0\VC\bin\link.exe /ERRORREPORT:PROMPT /OUT:"C:\Users\drewseri\Documents\Visual Studio 2010\Projects\git\cse471_project1\Debug\Synthie.exe" /INCREMENTAL /NOLOGO amstrmid.lib quartz.lib dsound.lib msxml2.lib /MANIFEST /ManifestFile:"Debug\Synthie.exe.intermediate.manifest" /MANIFESTUAC:"level='asInvoker' uiAccess='false'" /DEBUG /PDB:"C:\Users\drewseri\Documents\Visual Studio 2010\Projects\git\cse471_project1\Debug\Synthie.pdb" /SUBSYSTEM:WINDOWS /TLBID:1 /ENTRY:"wWinMainCRTStartup" /DYNAMICBASE /NXCOMPAT /IMPLIB:"C:\Users\drewseri\Documents\Visual Studio 2010\Projects\git\cse471_project1\Debug\Synthie.lib" /MACHINE:X86 Debug\Synthie.res
         Debug\Synthie.exe.embed.manifest.res
         Debug\AR.obj
         Debug\AudioNode.obj
         Debug\DirSound.obj
         Debug\DirSoundSource.obj
         Debug\DirSoundStream.obj
         Debug\Effect.obj
         Debug\EffectFactory.obj
         Debug\Instrument.obj
         Debug\MainFrm.obj
         Debug\Note.obj
         Debug\Notes.obj
         Debug\OctaveUp.obj
         Debug\Organ.obj
         Debug\Progress.obj
         Debug\ProgressDlg.obj
         Debug\SineWave.obj
         Debug\stdafx.obj
         Debug\Synthesizer.obj
         Debug\Synthie.obj
         Debug\SynthieView.obj
         Debug\Wave.obj
         Debug\WaveformBuffer.obj
         Debug\WaveformWnd.obj
         Debug\ToneInstrument.obj
       Manifest:
         C:\Program Files (x86)\Microsoft SDKs\Windows\v7.0A\bin\mt.exe /nologo /verbose /out:"Debug\Synthie.exe.embed.manifest" /manifest Debug\Synthie.exe.intermediate.manifest "C:\Program Files (x86)\Microsoft Visual Studio 10.0\VC\Include\Manifest\dpiaware.manifest"
         All outputs are up-to-date.
       LinkEmbedManifest:
         All outputs are up-to-date.
         Synthie.vcxproj -> C:\Users\drewseri\Documents\Visual Studio 2010\Projects\git\cse471_project1\Debug\Synthie.exe
       FinalizeBuildStatus:
         Deleting file "Debug\Synthie.unsuccessfulbuild".
         Touching "Debug\Synthie.lastbuildstate".
     1>Done Building Project "C:\Users\drewseri\Documents\Visual Studio 2010\Projects\git\cse471_project1\Synthie\Synthie.vcxproj" (build target(s)).

Build succeeded.

Time Elapsed 00:00:03.29
