C:\USERS\ACER\DOCUMENTS\VISUAL STUDIO 2010\GIT\CSE471_PROJECT1\DEBUG\SYNTHIE.EXE
C:\USERS\ACER\DOCUMENTS\VISUAL STUDIO 2010\GIT\CSE471_PROJECT1\DEBUG\SYNTHIE.ILK
C:\USERS\ACER\DOCUMENTS\VISUAL STUDIO 2010\GIT\CSE471_PROJECT1\DEBUG\SYNTHIE.PDB
C:\USERS\ACER\DOCUMENTS\VISUAL STUDIO 2010\GIT\CSE471_PROJECT1\SYNTHIE\DEBUG\AR.OBJ
C:\USERS\ACER\DOCUMENTS\VISUAL STUDIO 2010\GIT\CSE471_PROJECT1\SYNTHIE\DEBUG\AUDIONODE.OBJ
C:\USERS\ACER\DOCUMENTS\VISUAL STUDIO 2010\GIT\CSE471_PROJECT1\SYNTHIE\DEBUG\DIRSOUND.OBJ
C:\USERS\ACER\DOCUMENTS\VISUAL STUDIO 2010\GIT\CSE471_PROJECT1\SYNTHIE\DEBUG\DIRSOUNDSOURCE.OBJ
C:\USERS\ACER\DOCUMENTS\VISUAL STUDIO 2010\GIT\CSE471_PROJECT1\SYNTHIE\DEBUG\DIRSOUNDSTREAM.OBJ
C:\USERS\ACER\DOCUMENTS\VISUAL STUDIO 2010\GIT\CSE471_PROJECT1\SYNTHIE\DEBUG\INSTRUMENT.OBJ
C:\USERS\ACER\DOCUMENTS\VISUAL STUDIO 2010\GIT\CSE471_PROJECT1\SYNTHIE\DEBUG\MAINFRM.OBJ
C:\USERS\ACER\DOCUMENTS\VISUAL STUDIO 2010\GIT\CSE471_PROJECT1\SYNTHIE\DEBUG\NOTE.OBJ
C:\USERS\ACER\DOCUMENTS\VISUAL STUDIO 2010\GIT\CSE471_PROJECT1\SYNTHIE\DEBUG\NOTES.OBJ
C:\USERS\ACER\DOCUMENTS\VISUAL STUDIO 2010\GIT\CSE471_PROJECT1\SYNTHIE\DEBUG\ORGAN.OBJ
C:\USERS\ACER\DOCUMENTS\VISUAL STUDIO 2010\GIT\CSE471_PROJECT1\SYNTHIE\DEBUG\PROGRESS.OBJ
C:\USERS\ACER\DOCUMENTS\VISUAL STUDIO 2010\GIT\CSE471_PROJECT1\SYNTHIE\DEBUG\PROGRESSDLG.OBJ
C:\USERS\ACER\DOCUMENTS\VISUAL STUDIO 2010\GIT\CSE471_PROJECT1\SYNTHIE\DEBUG\SINEWAVE.OBJ
C:\USERS\ACER\DOCUMENTS\VISUAL STUDIO 2010\GIT\CSE471_PROJECT1\SYNTHIE\DEBUG\STDAFX.OBJ
C:\USERS\ACER\DOCUMENTS\VISUAL STUDIO 2010\GIT\CSE471_PROJECT1\SYNTHIE\DEBUG\SYNTHESIZER.OBJ
C:\USERS\ACER\DOCUMENTS\VISUAL STUDIO 2010\GIT\CSE471_PROJECT1\SYNTHIE\DEBUG\SYNTHIE.EXE.EMBED.MANIFEST
C:\USERS\ACER\DOCUMENTS\VISUAL STUDIO 2010\GIT\CSE471_PROJECT1\SYNTHIE\DEBUG\SYNTHIE.EXE.EMBED.MANIFEST.RES
C:\USERS\ACER\DOCUMENTS\VISUAL STUDIO 2010\GIT\CSE471_PROJECT1\SYNTHIE\DEBUG\SYNTHIE.EXE.INTERMEDIATE.MANIFEST
C:\USERS\ACER\DOCUMENTS\VISUAL STUDIO 2010\GIT\CSE471_PROJECT1\SYNTHIE\DEBUG\SYNTHIE.OBJ
C:\USERS\ACER\DOCUMENTS\VISUAL STUDIO 2010\GIT\CSE471_PROJECT1\SYNTHIE\DEBUG\SYNTHIE.PCH
C:\USERS\ACER\DOCUMENTS\VISUAL STUDIO 2010\GIT\CSE471_PROJECT1\SYNTHIE\DEBUG\SYNTHIE.RES
C:\USERS\ACER\DOCUMENTS\VISUAL STUDIO 2010\GIT\CSE471_PROJECT1\SYNTHIE\DEBUG\SYNTHIEVIEW.OBJ
C:\USERS\ACER\DOCUMENTS\VISUAL STUDIO 2010\GIT\CSE471_PROJECT1\SYNTHIE\DEBUG\TONEINSTRUMENT.OBJ
C:\USERS\ACER\DOCUMENTS\VISUAL STUDIO 2010\GIT\CSE471_PROJECT1\SYNTHIE\DEBUG\VC100.PDB
C:\USERS\ACER\DOCUMENTS\VISUAL STUDIO 2010\GIT\CSE471_PROJECT1\SYNTHIE\DEBUG\WAVE.OBJ
C:\USERS\ACER\DOCUMENTS\VISUAL STUDIO 2010\GIT\CSE471_PROJECT1\SYNTHIE\DEBUG\WAVEFORMBUFFER.OBJ
C:\USERS\ACER\DOCUMENTS\VISUAL STUDIO 2010\GIT\CSE471_PROJECT1\SYNTHIE\DEBUG\WAVEFORMWND.OBJ
C:\Users\drewseri\Documents\Visual Studio 2010\Projects\git\cse471_project1\Debug\Synthie.pdb
C:\USERS\DREWSERI\DOCUMENTS\VISUAL STUDIO 2010\PROJECTS\GIT\CSE471_PROJECT1\SYNTHIE\DEBUG\AR.OBJ
C:\USERS\DREWSERI\DOCUMENTS\VISUAL STUDIO 2010\PROJECTS\GIT\CSE471_PROJECT1\SYNTHIE\DEBUG\AUDIONODE.OBJ
C:\Users\drewseri\Documents\Visual Studio 2010\Projects\git\cse471_project1\Synthie\Debug\cl.command.1.tlog
C:\Users\drewseri\Documents\Visual Studio 2010\Projects\git\cse471_project1\Synthie\Debug\CL.read.1.tlog
C:\Users\drewseri\Documents\Visual Studio 2010\Projects\git\cse471_project1\Synthie\Debug\CL.write.1.tlog
C:\USERS\DREWSERI\DOCUMENTS\VISUAL STUDIO 2010\PROJECTS\GIT\CSE471_PROJECT1\SYNTHIE\DEBUG\DIRSOUND.OBJ
C:\USERS\DREWSERI\DOCUMENTS\VISUAL STUDIO 2010\PROJECTS\GIT\CSE471_PROJECT1\SYNTHIE\DEBUG\DIRSOUNDSOURCE.OBJ
C:\USERS\DREWSERI\DOCUMENTS\VISUAL STUDIO 2010\PROJECTS\GIT\CSE471_PROJECT1\SYNTHIE\DEBUG\DIRSOUNDSTREAM.OBJ
C:\USERS\DREWSERI\DOCUMENTS\VISUAL STUDIO 2010\PROJECTS\GIT\CSE471_PROJECT1\SYNTHIE\DEBUG\EFFECT.OBJ
C:\USERS\DREWSERI\DOCUMENTS\VISUAL STUDIO 2010\PROJECTS\GIT\CSE471_PROJECT1\SYNTHIE\DEBUG\EFFECTFACTORY.OBJ
C:\USERS\DREWSERI\DOCUMENTS\VISUAL STUDIO 2010\PROJECTS\GIT\CSE471_PROJECT1\SYNTHIE\DEBUG\INSTRUMENT.OBJ
C:\Users\drewseri\Documents\Visual Studio 2010\Projects\git\cse471_project1\Synthie\Debug\link.1440.read.1.tlog
C:\Users\drewseri\Documents\Visual Studio 2010\Projects\git\cse471_project1\Synthie\Debug\link.1440.write.1.tlog
C:\Users\drewseri\Documents\Visual Studio 2010\Projects\git\cse471_project1\Synthie\Debug\link.1440-cvtres.read.1.tlog
C:\Users\drewseri\Documents\Visual Studio 2010\Projects\git\cse471_project1\Synthie\Debug\link.1440-cvtres.write.1.tlog
C:\Users\drewseri\Documents\Visual Studio 2010\Projects\git\cse471_project1\Synthie\Debug\link.2496.read.1.tlog
C:\Users\drewseri\Documents\Visual Studio 2010\Projects\git\cse471_project1\Synthie\Debug\link.2496.write.1.tlog
C:\Users\drewseri\Documents\Visual Studio 2010\Projects\git\cse471_project1\Synthie\Debug\link.2496-cvtres.read.1.tlog
C:\Users\drewseri\Documents\Visual Studio 2010\Projects\git\cse471_project1\Synthie\Debug\link.2496-cvtres.write.1.tlog
C:\Users\drewseri\Documents\Visual Studio 2010\Projects\git\cse471_project1\Synthie\Debug\link.2580.read.1.tlog
C:\Users\drewseri\Documents\Visual Studio 2010\Projects\git\cse471_project1\Synthie\Debug\link.2580.write.1.tlog
C:\Users\drewseri\Documents\Visual Studio 2010\Projects\git\cse471_project1\Synthie\Debug\link.2580-cvtres.read.1.tlog
C:\Users\drewseri\Documents\Visual Studio 2010\Projects\git\cse471_project1\Synthie\Debug\link.2580-cvtres.write.1.tlog
C:\Users\drewseri\Documents\Visual Studio 2010\Projects\git\cse471_project1\Synthie\Debug\link.2924.read.1.tlog
C:\Users\drewseri\Documents\Visual Studio 2010\Projects\git\cse471_project1\Synthie\Debug\link.2924.write.1.tlog
C:\Users\drewseri\Documents\Visual Studio 2010\Projects\git\cse471_project1\Synthie\Debug\link.2924-cvtres.read.1.tlog
C:\Users\drewseri\Documents\Visual Studio 2010\Projects\git\cse471_project1\Synthie\Debug\link.2924-cvtres.write.1.tlog
C:\Users\drewseri\Documents\Visual Studio 2010\Projects\git\cse471_project1\Synthie\Debug\link.2944.read.1.tlog
C:\Users\drewseri\Documents\Visual Studio 2010\Projects\git\cse471_project1\Synthie\Debug\link.2944.write.1.tlog
C:\Users\drewseri\Documents\Visual Studio 2010\Projects\git\cse471_project1\Synthie\Debug\link.2944-cvtres.read.1.tlog
C:\Users\drewseri\Documents\Visual Studio 2010\Projects\git\cse471_project1\Synthie\Debug\link.2944-cvtres.write.1.tlog
C:\Users\drewseri\Documents\Visual Studio 2010\Projects\git\cse471_project1\Synthie\Debug\link.3544.read.1.tlog
C:\Users\drewseri\Documents\Visual Studio 2010\Projects\git\cse471_project1\Synthie\Debug\link.3544.write.1.tlog
C:\Users\drewseri\Documents\Visual Studio 2010\Projects\git\cse471_project1\Synthie\Debug\link.3544-cvtres.read.1.tlog
C:\Users\drewseri\Documents\Visual Studio 2010\Projects\git\cse471_project1\Synthie\Debug\link.3544-cvtres.write.1.tlog
C:\Users\drewseri\Documents\Visual Studio 2010\Projects\git\cse471_project1\Synthie\Debug\link.5560.read.1.tlog
C:\Users\drewseri\Documents\Visual Studio 2010\Projects\git\cse471_project1\Synthie\Debug\link.5560.write.1.tlog
C:\Users\drewseri\Documents\Visual Studio 2010\Projects\git\cse471_project1\Synthie\Debug\link.5560-cvtres.read.1.tlog
C:\Users\drewseri\Documents\Visual Studio 2010\Projects\git\cse471_project1\Synthie\Debug\link.5560-cvtres.write.1.tlog
C:\Users\drewseri\Documents\Visual Studio 2010\Projects\git\cse471_project1\Synthie\Debug\link.5608.read.1.tlog
C:\Users\drewseri\Documents\Visual Studio 2010\Projects\git\cse471_project1\Synthie\Debug\link.5608.write.1.tlog
C:\Users\drewseri\Documents\Visual Studio 2010\Projects\git\cse471_project1\Synthie\Debug\link.5608-cvtres.read.1.tlog
C:\Users\drewseri\Documents\Visual Studio 2010\Projects\git\cse471_project1\Synthie\Debug\link.5608-cvtres.write.1.tlog
C:\Users\drewseri\Documents\Visual Studio 2010\Projects\git\cse471_project1\Synthie\Debug\link.6176.read.1.tlog
C:\Users\drewseri\Documents\Visual Studio 2010\Projects\git\cse471_project1\Synthie\Debug\link.6176.write.1.tlog
C:\Users\drewseri\Documents\Visual Studio 2010\Projects\git\cse471_project1\Synthie\Debug\link.6176-cvtres.read.1.tlog
C:\Users\drewseri\Documents\Visual Studio 2010\Projects\git\cse471_project1\Synthie\Debug\link.6176-cvtres.write.1.tlog
C:\Users\drewseri\Documents\Visual Studio 2010\Projects\git\cse471_project1\Synthie\Debug\link.6712.read.1.tlog
C:\Users\drewseri\Documents\Visual Studio 2010\Projects\git\cse471_project1\Synthie\Debug\link.6712.write.1.tlog
C:\Users\drewseri\Documents\Visual Studio 2010\Projects\git\cse471_project1\Synthie\Debug\link.6712-cvtres.read.1.tlog
C:\Users\drewseri\Documents\Visual Studio 2010\Projects\git\cse471_project1\Synthie\Debug\link.6712-cvtres.write.1.tlog
C:\Users\drewseri\Documents\Visual Studio 2010\Projects\git\cse471_project1\Synthie\Debug\link.command.1.tlog
C:\Users\drewseri\Documents\Visual Studio 2010\Projects\git\cse471_project1\Synthie\Debug\link.read.1.tlog
C:\Users\drewseri\Documents\Visual Studio 2010\Projects\git\cse471_project1\Synthie\Debug\link.write.1.tlog
C:\Users\drewseri\Documents\Visual Studio 2010\Projects\git\cse471_project1\Synthie\Debug\link-cvtres.read.1.tlog
C:\Users\drewseri\Documents\Visual Studio 2010\Projects\git\cse471_project1\Synthie\Debug\link-cvtres.write.1.tlog
C:\USERS\DREWSERI\DOCUMENTS\VISUAL STUDIO 2010\PROJECTS\GIT\CSE471_PROJECT1\SYNTHIE\DEBUG\MAINFRM.OBJ
C:\Users\drewseri\Documents\Visual Studio 2010\Projects\git\cse471_project1\Synthie\Debug\mt.command.1.tlog
C:\Users\drewseri\Documents\Visual Studio 2010\Projects\git\cse471_project1\Synthie\Debug\mt.read.1.tlog
C:\Users\drewseri\Documents\Visual Studio 2010\Projects\git\cse471_project1\Synthie\Debug\mt.write.1.tlog
C:\USERS\DREWSERI\DOCUMENTS\VISUAL STUDIO 2010\PROJECTS\GIT\CSE471_PROJECT1\SYNTHIE\DEBUG\NOTE.OBJ
C:\USERS\DREWSERI\DOCUMENTS\VISUAL STUDIO 2010\PROJECTS\GIT\CSE471_PROJECT1\SYNTHIE\DEBUG\NOTES.OBJ
C:\USERS\DREWSERI\DOCUMENTS\VISUAL STUDIO 2010\PROJECTS\GIT\CSE471_PROJECT1\SYNTHIE\DEBUG\OCTAVEUP.OBJ
C:\USERS\DREWSERI\DOCUMENTS\VISUAL STUDIO 2010\PROJECTS\GIT\CSE471_PROJECT1\SYNTHIE\DEBUG\ORGAN.OBJ
C:\USERS\DREWSERI\DOCUMENTS\VISUAL STUDIO 2010\PROJECTS\GIT\CSE471_PROJECT1\SYNTHIE\DEBUG\PROGRESS.OBJ
C:\USERS\DREWSERI\DOCUMENTS\VISUAL STUDIO 2010\PROJECTS\GIT\CSE471_PROJECT1\SYNTHIE\DEBUG\PROGRESSDLG.OBJ
C:\Users\drewseri\Documents\Visual Studio 2010\Projects\git\cse471_project1\Synthie\Debug\rc.command.1.tlog
C:\Users\drewseri\Documents\Visual Studio 2010\Projects\git\cse471_project1\Synthie\Debug\rc.read.1.tlog
C:\Users\drewseri\Documents\Visual Studio 2010\Projects\git\cse471_project1\Synthie\Debug\rc.write.1.tlog
C:\USERS\DREWSERI\DOCUMENTS\VISUAL STUDIO 2010\PROJECTS\GIT\CSE471_PROJECT1\SYNTHIE\DEBUG\SINEWAVE.OBJ
C:\USERS\DREWSERI\DOCUMENTS\VISUAL STUDIO 2010\PROJECTS\GIT\CSE471_PROJECT1\SYNTHIE\DEBUG\STDAFX.OBJ
C:\USERS\DREWSERI\DOCUMENTS\VISUAL STUDIO 2010\PROJECTS\GIT\CSE471_PROJECT1\SYNTHIE\DEBUG\SYNTHESIZER.OBJ
C:\USERS\DREWSERI\DOCUMENTS\VISUAL STUDIO 2010\PROJECTS\GIT\CSE471_PROJECT1\SYNTHIE\DEBUG\SYNTHIE.EXE.EMBED.MANIFEST
C:\USERS\DREWSERI\DOCUMENTS\VISUAL STUDIO 2010\PROJECTS\GIT\CSE471_PROJECT1\SYNTHIE\DEBUG\SYNTHIE.EXE.EMBED.MANIFEST.RES
C:\Users\drewseri\Documents\Visual Studio 2010\Projects\git\cse471_project1\Synthie\Debug\Synthie.exe.intermediate.manifest
C:\USERS\DREWSERI\DOCUMENTS\VISUAL STUDIO 2010\PROJECTS\GIT\CSE471_PROJECT1\SYNTHIE\DEBUG\SYNTHIE.OBJ
C:\USERS\DREWSERI\DOCUMENTS\VISUAL STUDIO 2010\PROJECTS\GIT\CSE471_PROJECT1\SYNTHIE\DEBUG\SYNTHIE.PCH
C:\USERS\DREWSERI\DOCUMENTS\VISUAL STUDIO 2010\PROJECTS\GIT\CSE471_PROJECT1\SYNTHIE\DEBUG\SYNTHIE.RES
C:\Users\drewseri\Documents\Visual Studio 2010\Projects\git\cse471_project1\Synthie\Debug\Synthie.vcxprojResolveAssemblyReference.cache
C:\Users\drewseri\Documents\Visual Studio 2010\Projects\git\cse471_project1\Synthie\Debug\Synthie.write.1.tlog
C:\Users\drewseri\Documents\Visual Studio 2010\Projects\git\cse471_project1\Synthie\Debug\Synthie_manifest.rc
C:\USERS\DREWSERI\DOCUMENTS\VISUAL STUDIO 2010\PROJECTS\GIT\CSE471_PROJECT1\SYNTHIE\DEBUG\SYNTHIEVIEW.OBJ
C:\USERS\DREWSERI\DOCUMENTS\VISUAL STUDIO 2010\PROJECTS\GIT\CSE471_PROJECT1\SYNTHIE\DEBUG\TONEINSTRUMENT.OBJ
C:\Users\drewseri\Documents\Visual Studio 2010\Projects\git\cse471_project1\Synthie\Debug\vc100.idb
C:\USERS\DREWSERI\DOCUMENTS\VISUAL STUDIO 2010\PROJECTS\GIT\CSE471_PROJECT1\SYNTHIE\DEBUG\VC100.PDB
C:\USERS\DREWSERI\DOCUMENTS\VISUAL STUDIO 2010\PROJECTS\GIT\CSE471_PROJECT1\SYNTHIE\DEBUG\WAVE.OBJ
C:\USERS\DREWSERI\DOCUMENTS\VISUAL STUDIO 2010\PROJECTS\GIT\CSE471_PROJECT1\SYNTHIE\DEBUG\WAVEFORMBUFFER.OBJ
C:\USERS\DREWSERI\DOCUMENTS\VISUAL STUDIO 2010\PROJECTS\GIT\CSE471_PROJECT1\SYNTHIE\DEBUG\WAVEFORMWND.OBJ
